#
# A fatal error has been detected by the Java Runtime Environment:
#
#  Internal Error (javaClasses.cpp:136), pid=1496, tid=5788
#  fatal error: Invalid layout of preloaded class
#
# JRE version:  (7.0_60-b19) (build )
# Java VM: Java HotSpot(TM) Client VM (24.60-b09 mixed mode windows-x86 )
# Failed to write core dump. Minidumps are not enabled by default on client versions of Windows
#
# If you would like to submit a bug report, please visit:
#   http://bugreport.sun.com/bugreport/crash.jsp
#

---------------  T H R E A D  ---------------

Current thread (0x0040c800):  JavaThread "Unknown thread" [_thread_in_vm, id=5788, stack(0x00350000,0x003a0000)]

Stack: [0x00350000,0x003a0000],  sp=0x0039fa28,  free space=318k
Native frames: (J=compiled Java code, j=interpreted, Vv=VM code, C=native code)
V  [jvm.dll+0x190231]
V  [jvm.dll+0x189ec6]
V  [jvm.dll+0x35aba]
V  [jvm.dll+0x35b46]
V  [jvm.dll+0x4438d]
V  [jvm.dll+0x4463e]
V  [jvm.dll+0x92d3a]
V  [jvm.dll+0x930eb]
V  [jvm.dll+0x13f7c1]
V  [jvm.dll+0x1624ac]
V  [jvm.dll+0xc9b3f]
C  [javaw.exe+0x13ce]
C  [javaw.exe+0x1e40]
C  [javaw.exe+0xa5e1]
C  [javaw.exe+0xa66b]
C  [kernel32.dll+0x53c45]
C  [ntdll.dll+0x637f5]
C  [ntdll.dll+0x637c8]


---------------  P R O C E S S  ---------------

Java Threads: ( => current thread )

Other Threads:

=>0x0040c800 (exited) JavaThread "Unknown thread" [_thread_in_vm, id=5788, stack(0x00350000,0x003a0000)]

VM state:not at safepoint (not fully initialized)

VM Mutex/Monitor currently owned by a thread: None

GC Heap History (0 events):
No events

Deoptimization events (0 events):
No events

Internal exceptions (0 events):
No events

Events (10 events):
Event: 1.982 loading class 0x0059c218 done
Event: 1.983 loading class 0x0059bca8 done
Event: 1.983 loading class 0x0059bc88
Event: 2.018 loading class 0x005a2ff8
Event: 2.030 loading class 0x005a2ff8 done
Event: 2.030 loading class 0x005a3028
Event: 2.031 loading class 0x005a3028 done
Event: 2.031 loading class 0x005a3058
Event: 2.031 loading class 0x005a3058 done
Event: 2.031 loading class 0x0059bc88 done


Dynamic libraries:
0x00c40000 - 0x00c6f000 	C:\Program Files\Java\jre7\bin\javaw.exe
0x77d10000 - 0x77e4c000 	C:\Windows\SYSTEM32\ntdll.dll
0x76f50000 - 0x77024000 	C:\Windows\system32\kernel32.dll
0x75ee0000 - 0x75f2a000 	C:\Windows\system32\KERNELBASE.dll
0x761b0000 - 0x76250000 	C:\Windows\system32\ADVAPI32.dll
0x76c40000 - 0x76cec000 	C:\Windows\system32\msvcrt.dll
0x76790000 - 0x767a9000 	C:\Windows\SYSTEM32\sechost.dll
0x77e80000 - 0x77f21000 	C:\Windows\system32\RPCRT4.dll
0x76370000 - 0x76439000 	C:\Windows\system32\USER32.dll
0x76160000 - 0x761ae000 	C:\Windows\system32\GDI32.dll
0x76440000 - 0x7644a000 	C:\Windows\system32\LPK.dll
0x766f0000 - 0x7678d000 	C:\Windows\system32\USP10.dll
0x74e80000 - 0x7501e000 	C:\Windows\WinSxS\x86_microsoft.windows.common-controls_6595b64144ccf1df_6.0.7601.17514_none_41e6975e2bd6f2b2\COMCTL32.dll
0x76ef0000 - 0x76f47000 	C:\Windows\system32\SHLWAPI.dll
0x76250000 - 0x7626f000 	C:\Windows\system32\IMM32.DLL
0x76590000 - 0x7665c000 	C:\Windows\system32\MSCTF.dll
0x78200000 - 0x782bf000 	C:\Program Files\Java\jre7\bin\msvcr100.dll
0x5cc30000 - 0x5cfb8000 	C:\Program Files\Java\jre7\bin\client\jvm.dll
0x6d3f0000 - 0x6d3f7000 	C:\Windows\system32\WSOCK32.dll
0x76a00000 - 0x76a35000 	C:\Windows\system32\WS2_32.dll
0x76cf0000 - 0x76cf6000 	C:\Windows\system32\NSI.dll
0x70a90000 - 0x70ac2000 	C:\Windows\system32\WINMM.dll
0x77f30000 - 0x77f35000 	C:\Windows\system32\PSAPI.DLL
0x69b00000 - 0x69b0c000 	C:\Program Files\Java\jre7\bin\verify.dll
0x69ae0000 - 0x69b00000 	C:\Program Files\Java\jre7\bin\java.dll
0x69030000 - 0x69043000 	C:\Program Files\Java\jre7\bin\zip.dll
0x70b80000 - 0x70c6b000 	C:\Windows\system32\dbghelp.dll

VM Arguments:
jvm_args: -Dfile.encoding=GBK -Xbootclasspath:D:\adt-bundle-windows-x86-20131030\adt-bundle-windows-x86-20131030\sdk\platforms\android-19\android.jar 
java_command: com.example.localdata.DishData
Launcher Type: SUN_STANDARD

Environment Variables:
JAVA_HOME=C:\Program Files\Java\jdk1.6.0_02
CLASSPATH=C:\Program Files\Java\jdk1.6.0_02\lib;C:\Program Files\Java\jdk1.6.0_02\lib\tools.jar
PATH=C:/Program Files/Java/jre7/bin/client;C:/Program Files/Java/jre7/bin;C:/Program Files/Java/jre7/lib/i386;D:\Ruby193\bin;C:\Windows\system32;C:\Windows;C:\Windows\System32\Wbem;C:\Windows\System32\WindowsPowerShell\v1.0\;C:\Program Files\ATI Technologies\ATI.ACE\Core-Static;C:\Program Files\Java\jdk1.6.0_02\bin;C:\Program Files\Java\jdk1.6.0_02\jre\bin;C:\Program Files\Microsoft SQL Server\80\Tools\Binn\;C:\Program Files\Microsoft SQL Server\90\DTS\Binn\;C:\Program Files\Microsoft SQL Server\90\Tools\binn\;C:\Program Files\Microsoft SQL Server\90\Tools\Binn\VSShell\Common7\IDE\;C:\Program Files\Microsoft Visual Studio 8\Common7\IDE\PrivateAssemblies\;D:\Program Files\MySQL\MySQL Server 5.0\bin;C:\Program Files\Rational\common;D:\Program Files\TortoiseSVN\bin;D:\adt-bundle-windows-x86-20131030\adt-bundle-windows-x86-20131030\eclipse;
USERNAME=lenovo
OS=Windows_NT
PROCESSOR_IDENTIFIER=x86 Family 20 Model 2 Stepping 0, AuthenticAMD



---------------  S Y S T E M  ---------------

OS: Windows 7 Build 7601 Service Pack 1

CPU:total 2 (2 cores per cpu, 1 threads per core) family 20 model 2 stepping 0, cmov, cx8, fxsr, mmx, sse, sse2, sse3, ssse3, popcnt, mmxext, lzcnt, sse4a, tsc, tscinvbit, tscinv

Memory: 4k page, physical 1680760k(218904k free), swap 4410096k(1028960k free)

vm_info: Java HotSpot(TM) Client VM (24.60-b09) for windows-x86 JRE (1.7.0_60-b19), built on May  7 2014 13:09:52 by "java_re" with unknown MS VC++:1600

time: Wed Sep 10 22:20:42 2014
elapsed time: 3 seconds

